[08/16/2022 14:27:59] Debug: Session id: 2db55f71-b946-4a57-8cf6-4dd1edaa643e
[08/16/2022 14:27:59] Debug: Code Processor information: Name :SnowConvert, Version: 7.11.70.0
[08/16/2022 14:28:00] Debug: Getting license
[08/16/2022 14:28:00] Debug: License information
	Status: Failed
	Message: No active license available.
[08/16/2022 14:28:00] Info: Starting to validate parameters
[08/16/2022 14:28:00] Info: Parameters to validate: 
	Execution mode: Conversion
	LICENSE_KEY: a3372138-b87e-4a08-b929-3b48b24c63f1
[08/16/2022 14:28:00] Info: Validation of parameters: Success
[08/16/2022 14:28:00] Debug: Getting code descriptor
[08/16/2022 14:28:00] Debug: Code descriptor information
	Units: 51
	Units type: LOC
	All file bytes: 2141
	All found extensions: .sql,.dml,.ddl,.bteq,.btq,.fl,.fload,.ml,.mload,.mld,.tp,.tpump,.tpt
[08/16/2022 14:28:00] Debug: Calculating fingerprint
[08/16/2022 14:28:00] Debug: Fingerprint information Fingerprint(size=2141,projects=1)
[08/16/2022 14:28:00] Info: Starting to try to validate online license for execution
[08/16/2022 14:28:01] Debug: Getting license
[08/16/2022 14:28:01] Debug: License information
	Status: Failed
	Message: No active license available.
[08/16/2022 14:28:01] Debug: Starting the execution of the controller
[08/16/2022 14:28:02] Debug: Executing the worker: SnowConvert
[08/16/2022 14:28:14] Debug: Finished executing the worker: SnowConvert
[08/16/2022 14:28:16] Info: Controller execution ended
